<?xml version="1.0" encoding="UTF-8"?>
<testsuite xmlns:xsi="http://www.w3.org/2001/XMLSchema-instance" xsi:noNamespaceSchemaLocation="https://maven.apache.org/surefire/maven-surefire-plugin/xsd/surefire-test-report.xsd" name="TestSuite" time="3.772" tests="3" errors="0" skipped="0" failures="0">
  <properties>
    <property name="java.specification.version" value="13"/>
    <property name="sun.cpu.isalist" value="amd64"/>
    <property name="sun.jnu.encoding" value="Cp1252"/>
    <property name="java.class.path" value="E:\eclipse-workspace\ComparatorLibrary\target\test-classes;E:\eclipse-workspace\ComparatorLibrary\target\classes;C:\Users\jinal.shah\.m2\repository\com\fasterxml\jackson\core\jackson-databind\2.9.4\jackson-databind-2.9.4.jar;C:\Users\jinal.shah\.m2\repository\com\fasterxml\jackson\core\jackson-annotations\2.9.0\jackson-annotations-2.9.0.jar;C:\Users\jinal.shah\.m2\repository\com\fasterxml\jackson\core\jackson-core\2.9.4\jackson-core-2.9.4.jar;C:\Users\jinal.shah\.m2\repository\org\testng\testng\7.1.0\testng-7.1.0.jar;C:\Users\jinal.shah\.m2\repository\com\beust\jcommander\1.72\jcommander-1.72.jar;C:\Users\jinal.shah\.m2\repository\com\google\inject\guice\4.1.0\guice-4.1.0-no_aop.jar;C:\Users\jinal.shah\.m2\repository\javax\inject\javax.inject\1\javax.inject-1.jar;C:\Users\jinal.shah\.m2\repository\aopalliance\aopalliance\1.0\aopalliance-1.0.jar;C:\Users\jinal.shah\.m2\repository\com\google\guava\guava\19.0\guava-19.0.jar;C:\Users\jinal.shah\.m2\repository\org\yaml\snakeyaml\1.21\snakeyaml-1.21.jar;C:\Users\jinal.shah\.m2\repository\org\hamcrest\hamcrest-all\1.3\hamcrest-all-1.3.jar;"/>
    <property name="java.vm.vendor" value="Oracle Corporation"/>
    <property name="sun.arch.data.model" value="64"/>
    <property name="user.variant" value=""/>
    <property name="java.vendor.url" value="https://java.oracle.com/"/>
    <property name="user.timezone" value="Asia/Calcutta"/>
    <property name="os.name" value="Windows 10"/>
    <property name="java.vm.specification.version" value="13"/>
    <property name="sun.java.launcher" value="SUN_STANDARD"/>
    <property name="user.country" value="IN"/>
    <property name="sun.boot.library.path" value="C:\Program Files\Java\jdk-13.0.1\bin"/>
    <property name="sun.java.command" value="C:\Users\JINAL~1.SHA\AppData\Local\Temp\surefire6037773108386430012\surefirebooter17353114068145577923.jar C:\Users\jinal.shah\AppData\Local\Temp\surefire6037773108386430012 2020-02-19T17-21-05_848-jvmRun1 surefire15828672748219117406tmp surefire_015960824304797016598tmp"/>
    <property name="jdk.debug" value="release"/>
    <property name="surefire.test.class.path" value="E:\eclipse-workspace\ComparatorLibrary\target\test-classes;E:\eclipse-workspace\ComparatorLibrary\target\classes;C:\Users\jinal.shah\.m2\repository\com\fasterxml\jackson\core\jackson-databind\2.9.4\jackson-databind-2.9.4.jar;C:\Users\jinal.shah\.m2\repository\com\fasterxml\jackson\core\jackson-annotations\2.9.0\jackson-annotations-2.9.0.jar;C:\Users\jinal.shah\.m2\repository\com\fasterxml\jackson\core\jackson-core\2.9.4\jackson-core-2.9.4.jar;C:\Users\jinal.shah\.m2\repository\org\testng\testng\7.1.0\testng-7.1.0.jar;C:\Users\jinal.shah\.m2\repository\com\beust\jcommander\1.72\jcommander-1.72.jar;C:\Users\jinal.shah\.m2\repository\com\google\inject\guice\4.1.0\guice-4.1.0-no_aop.jar;C:\Users\jinal.shah\.m2\repository\javax\inject\javax.inject\1\javax.inject-1.jar;C:\Users\jinal.shah\.m2\repository\aopalliance\aopalliance\1.0\aopalliance-1.0.jar;C:\Users\jinal.shah\.m2\repository\com\google\guava\guava\19.0\guava-19.0.jar;C:\Users\jinal.shah\.m2\repository\org\yaml\snakeyaml\1.21\snakeyaml-1.21.jar;C:\Users\jinal.shah\.m2\repository\org\hamcrest\hamcrest-all\1.3\hamcrest-all-1.3.jar;"/>
    <property name="sun.cpu.endian" value="little"/>
    <property name="user.home" value="C:\Users\jinal.shah"/>
    <property name="user.language" value="en"/>
    <property name="java.specification.vendor" value="Oracle Corporation"/>
    <property name="java.version.date" value="2019-10-15"/>
    <property name="java.home" value="C:\Program Files\Java\jdk-13.0.1"/>
    <property name="file.separator" value="\"/>
    <property name="basedir" value="E:\eclipse-workspace\ComparatorLibrary"/>
    <property name="java.vm.compressedOopsMode" value="Zero based"/>
    <property name="line.separator" value="&#10;"/>
    <property name="java.vm.specification.vendor" value="Oracle Corporation"/>
    <property name="java.specification.name" value="Java Platform API Specification"/>
    <property name="surefire.real.class.path" value="C:\Users\JINAL~1.SHA\AppData\Local\Temp\surefire6037773108386430012\surefirebooter17353114068145577923.jar"/>
    <property name="user.script" value=""/>
    <property name="sun.management.compiler" value="HotSpot 64-Bit Tiered Compilers"/>
    <property name="java.runtime.version" value="13.0.1+9"/>
    <property name="user.name" value="jinal.shah"/>
    <property name="path.separator" value=";"/>
    <property name="os.version" value="10.0"/>
    <property name="java.runtime.name" value="Java(TM) SE Runtime Environment"/>
    <property name="file.encoding" value="Cp1252"/>
    <property name="java.vm.name" value="Java HotSpot(TM) 64-Bit Server VM"/>
    <property name="localRepository" value="C:\Users\jinal.shah\.m2\repository"/>
    <property name="java.vendor.url.bug" value="https://bugreport.java.com/bugreport/"/>
    <property name="java.io.tmpdir" value="C:\Users\JINAL~1.SHA\AppData\Local\Temp\"/>
    <property name="java.version" value="13.0.1"/>
    <property name="user.dir" value="E:\eclipse-workspace\ComparatorLibrary"/>
    <property name="os.arch" value="amd64"/>
    <property name="java.vm.specification.name" value="Java Virtual Machine Specification"/>
    <property name="sun.os.patch.level" value=""/>
    <property name="java.library.path" value="C:\Program Files\Java\jdk-13.0.1\bin;C:\WINDOWS\Sun\Java\bin;C:\WINDOWS\system32;C:\WINDOWS;C:\Program Files (x86)\Common Files\Oracle\Java\javapath;C:\WINDOWS\system32;C:\WINDOWS;C:\WINDOWS\System32\Wbem;C:\WINDOWS\System32\WindowsPowerShell\v1.0\;C:\WINDOWS\System32\OpenSSH\;C:\Program Files (x86)\CrSSL\bin;C:\Program Files\Java\jdk-13.0.1;%MAVEN_HOME%\bin;C:\Program Files\apache-maven-3.6.3-bin\apache-maven-3.6.3\bin;C:\Users\jinal.shah\AppData\Local\Microsoft\WindowsApps;C:\Program Files\Java\jdk-13.0.1;%M2%;;."/>
    <property name="java.vm.info" value="mixed mode, sharing"/>
    <property name="java.vendor" value="Oracle Corporation"/>
    <property name="java.vm.version" value="13.0.1+9"/>
    <property name="sun.io.unicode.encoding" value="UnicodeLittle"/>
    <property name="java.class.version" value="57.0"/>
  </properties>
  <testcase name="equalResponseComparisonTest" classname="com.ComparatorLibrary.comparator.equalResponseComparisonTest" time="1.691"/>
  <testcase name="notEqualResponseComparisonTest" classname="com.ComparatorLibrary.comparator.notEqualResponseComparisonTest" time="0.185"/>
  <testcase name="noValidResponseComparisonTest" classname="com.ComparatorLibrary.comparator.noValidResponseComparisonTest" time="0.092"/>
</testsuite>