<?xml version="1.0" encoding="UTF-8"?>
<!-- Generated by org.testng.reporters.JUnitReportReporter -->
<testsuite hostname="KA-LPT-139" failures="0" tests="1" name="com.ComparatorLibrary.unitTests" time="3.706" errors="0" timestamp="2020-02-18T21:54:40 IST" skipped="0">
  <testcase classname="com.ComparatorLibrary.unitTests" name="main" time="3.706"/>
</testsuite> <!-- com.ComparatorLibrary.unitTests -->
