<?xml version="1.0" encoding="UTF-8"?>
<!-- Generated by org.testng.reporters.JUnitReportReporter -->
<testsuite hostname="KA-LPT-139" failures="0" tests="1" name="com.ComparatorLibrary.comparator.noValidResponseComparisonTest" time="1.427" errors="0" timestamp="2020-02-19T17:19:55 IST" skipped="0">
  <testcase classname="com.ComparatorLibrary.comparator.noValidResponseComparisonTest" name="noValidResponseComparisonTest" time="1.427"/>
</testsuite> <!-- com.ComparatorLibrary.comparator.noValidResponseComparisonTest -->
