<?xml version="1.0" encoding="UTF-8"?>
<!-- Generated by org.testng.reporters.JUnitReportReporter -->
<testsuite hostname="KA-LPT-139" failures="0" tests="1" name="com.ComparatorLibrary.comparator.notEqualResponseComparisonTest" time="1.626" errors="0" timestamp="2020-02-19T17:19:46 IST" skipped="0">
  <testcase classname="com.ComparatorLibrary.comparator.notEqualResponseComparisonTest" name="notEqualResponseComparisonTest" time="1.626"/>
</testsuite> <!-- com.ComparatorLibrary.comparator.notEqualResponseComparisonTest -->
