<?xml version="1.0" encoding="UTF-8"?>
<!-- Generated by org.testng.reporters.JUnitReportReporter -->
<testsuite hostname="KA-LPT-139" failures="0" tests="1" name="com.ComparatorLibrary.comparator.noValidResponseComparisonTest" time="0.091" errors="0" timestamp="2020-02-19T17:21:11 IST" skipped="0">
  <testcase classname="com.ComparatorLibrary.comparator.noValidResponseComparisonTest" name="noValidResponseComparisonTest" time="0.091"/>
  <system-out/>
</testsuite> <!-- com.ComparatorLibrary.comparator.noValidResponseComparisonTest -->
