<?xml version="1.0" encoding="UTF-8"?>
<!-- Generated by org.testng.reporters.JUnitReportReporter -->
<testsuite hostname="KA-LPT-139" failures="0" tests="1" name="com.ComparatorLibrary.comparator.equalResponseComparisonTest" time="1.686" errors="0" timestamp="2020-02-19T17:21:11 IST" skipped="0">
  <testcase classname="com.ComparatorLibrary.comparator.equalResponseComparisonTest" name="equalResponseComparisonTest" time="1.686"/>
  <system-out/>
</testsuite> <!-- com.ComparatorLibrary.comparator.equalResponseComparisonTest -->
